<?xml version="1.0" encoding="UTF-8"?>
<!-- Generated by org.testng.reporters.JUnitReportReporter -->
<testsuite hostname="Macs-MacBook-Pro-3.local" failures="0" tests="2" name="org.example.Class2" time="0.000" errors="0" timestamp="2024-07-15T17:54:28 IST" skipped="0">
  <testcase classname="org.example.Class2" name="C2fun2" time="0.000"/>
  <testcase classname="org.example.Class2" name="C2fun1" time="0.000"/>
</testsuite> <!-- org.example.Class2 -->
