<?xml version="1.0" encoding="UTF-8"?>
<!-- Generated by org.testng.reporters.JUnitReportReporter -->
<testsuite hostname="Macs-MacBook-Pro-3.local" failures="0" tests="3" name="org.example.Class3" time="0.001" errors="0" timestamp="2024-07-15T17:54:28 IST" skipped="0">
  <testcase classname="org.example.Class3" name="C3fun2" time="0.000"/>
  <testcase classname="org.example.Class3" name="C3fun1" time="0.000"/>
  <testcase classname="org.example.Class3" name="C3fun3" time="0.001"/>
</testsuite> <!-- org.example.Class3 -->
